2023/08/25 17:18:58 [notice] 1#1: using the "epoll" event method
2023/08/25 17:18:58 [notice] 1#1: nginx/1.25.2
2023/08/25 17:18:58 [notice] 1#1: built by gcc 12.2.0 (Debian 12.2.0-14) 
2023/08/25 17:18:58 [notice] 1#1: OS: Linux 6.4.8-orbstack-00059-g106c60a3471f
2023/08/25 17:18:58 [notice] 1#1: getrlimit(RLIMIT_NOFILE): 20480:1048576
2023/08/25 17:18:58 [notice] 1#1: start worker processes
2023/08/25 17:18:58 [notice] 1#1: start worker process 20
2023/08/25 17:18:58 [notice] 1#1: start worker process 21
2023/08/25 17:18:58 [notice] 1#1: start worker process 22
2023/08/25 17:27:27 [notice] 1#1: signal 3 (SIGQUIT) received, shutting down
2023/08/25 17:27:27 [notice] 21#21: gracefully shutting down
2023/08/25 17:27:27 [notice] 21#21: exiting
2023/08/25 17:27:27 [notice] 20#20: gracefully shutting down
2023/08/25 17:27:27 [notice] 20#20: exiting
2023/08/25 17:27:27 [notice] 22#22: gracefully shutting down
2023/08/25 17:27:27 [notice] 21#21: exit
2023/08/25 17:27:27 [notice] 20#20: exit
2023/08/25 17:27:27 [notice] 22#22: exiting
2023/08/25 17:27:27 [notice] 22#22: exit
2023/08/25 17:27:27 [notice] 1#1: signal 17 (SIGCHLD) received from 21
2023/08/25 17:27:27 [notice] 1#1: worker process 21 exited with code 0
2023/08/25 17:27:27 [notice] 1#1: signal 29 (SIGIO) received
2023/08/25 17:27:27 [notice] 1#1: signal 17 (SIGCHLD) received from 22
2023/08/25 17:27:27 [notice] 1#1: worker process 20 exited with code 0
2023/08/25 17:27:27 [notice] 1#1: worker process 22 exited with code 0
2023/08/25 17:27:27 [notice] 1#1: exit
2023/08/25 17:27:39 [notice] 1#1: using the "epoll" event method
2023/08/25 17:27:39 [notice] 1#1: nginx/1.25.2
2023/08/25 17:27:39 [notice] 1#1: built by gcc 12.2.0 (Debian 12.2.0-14) 
2023/08/25 17:27:39 [notice] 1#1: OS: Linux 6.4.8-orbstack-00059-g106c60a3471f
2023/08/25 17:27:39 [notice] 1#1: getrlimit(RLIMIT_NOFILE): 20480:1048576
2023/08/25 17:27:39 [notice] 1#1: start worker processes
2023/08/25 17:27:39 [notice] 1#1: start worker process 20
2023/08/25 17:27:39 [notice] 1#1: start worker process 21
2023/08/25 17:27:39 [notice] 1#1: start worker process 22
2023/08/25 17:29:16 [notice] 1#1: signal 3 (SIGQUIT) received, shutting down
2023/08/25 17:29:16 [notice] 20#20: gracefully shutting down
2023/08/25 17:29:16 [notice] 20#20: exiting
2023/08/25 17:29:16 [notice] 21#21: gracefully shutting down
2023/08/25 17:29:16 [notice] 21#21: exiting
2023/08/25 17:29:16 [notice] 22#22: gracefully shutting down
2023/08/25 17:29:16 [notice] 22#22: exiting
2023/08/25 17:29:16 [notice] 20#20: exit
2023/08/25 17:29:16 [notice] 21#21: exit
2023/08/25 17:29:16 [notice] 22#22: exit
2023/08/25 17:29:16 [notice] 1#1: signal 17 (SIGCHLD) received from 20
2023/08/25 17:29:16 [notice] 1#1: worker process 20 exited with code 0
2023/08/25 17:29:16 [notice] 1#1: signal 29 (SIGIO) received
2023/08/25 17:29:16 [notice] 1#1: signal 17 (SIGCHLD) received from 22
2023/08/25 17:29:16 [notice] 1#1: worker process 22 exited with code 0
2023/08/25 17:29:16 [notice] 1#1: signal 29 (SIGIO) received
2023/08/25 17:29:16 [notice] 1#1: signal 17 (SIGCHLD) received from 21
2023/08/25 17:29:16 [notice] 1#1: worker process 21 exited with code 0
2023/08/25 17:29:16 [notice] 1#1: exit
2023/08/25 17:29:24 [notice] 1#1: using the "epoll" event method
2023/08/25 17:29:24 [notice] 1#1: nginx/1.25.2
2023/08/25 17:29:24 [notice] 1#1: built by gcc 12.2.0 (Debian 12.2.0-14) 
2023/08/25 17:29:24 [notice] 1#1: OS: Linux 6.4.8-orbstack-00059-g106c60a3471f
2023/08/25 17:29:24 [notice] 1#1: getrlimit(RLIMIT_NOFILE): 20480:1048576
2023/08/25 17:29:24 [notice] 1#1: start worker processes
2023/08/25 17:29:24 [notice] 1#1: start worker process 21
2023/08/25 17:29:24 [notice] 1#1: start worker process 22
2023/08/25 17:29:24 [notice] 1#1: start worker process 23
2023/08/25 17:34:39 [notice] 1#1: signal 3 (SIGQUIT) received, shutting down
2023/08/25 17:34:39 [notice] 23#23: gracefully shutting down
2023/08/25 17:34:39 [notice] 22#22: gracefully shutting down
2023/08/25 17:34:39 [notice] 21#21: gracefully shutting down
2023/08/25 17:34:39 [notice] 21#21: exiting
2023/08/25 17:34:39 [notice] 23#23: exiting
2023/08/25 17:34:39 [notice] 22#22: exiting
2023/08/25 17:34:39 [notice] 21#21: exit
2023/08/25 17:34:39 [notice] 23#23: exit
2023/08/25 17:34:39 [notice] 22#22: exit
2023/08/25 17:34:39 [notice] 1#1: signal 17 (SIGCHLD) received from 21
2023/08/25 17:34:39 [notice] 1#1: worker process 21 exited with code 0
2023/08/25 17:34:39 [notice] 1#1: signal 29 (SIGIO) received
2023/08/25 17:34:39 [notice] 1#1: signal 17 (SIGCHLD) received from 23
2023/08/25 17:34:39 [notice] 1#1: worker process 22 exited with code 0
2023/08/25 17:34:39 [notice] 1#1: worker process 23 exited with code 0
2023/08/25 17:34:39 [notice] 1#1: exit
2023/08/25 17:38:52 [notice] 1#1: using the "epoll" event method
2023/08/25 17:38:52 [notice] 1#1: nginx/1.25.2
2023/08/25 17:38:52 [notice] 1#1: built by gcc 12.2.0 (Debian 12.2.0-14) 
2023/08/25 17:38:52 [notice] 1#1: OS: Linux 6.4.8-orbstack-00059-g106c60a3471f
2023/08/25 17:38:52 [notice] 1#1: getrlimit(RLIMIT_NOFILE): 20480:1048576
2023/08/25 17:38:52 [notice] 1#1: start worker processes
2023/08/25 17:38:52 [notice] 1#1: start worker process 19
2023/08/25 17:38:52 [notice] 1#1: start worker process 20
2023/08/25 17:38:52 [notice] 1#1: start worker process 21
2023/08/25 17:52:32 [notice] 1#1: signal 3 (SIGQUIT) received, shutting down
2023/08/25 17:52:32 [notice] 20#20: gracefully shutting down
2023/08/25 17:52:32 [notice] 20#20: exiting
2023/08/25 17:52:32 [notice] 21#21: gracefully shutting down
2023/08/25 17:52:32 [notice] 19#19: gracefully shutting down
2023/08/25 17:52:32 [notice] 19#19: exiting
2023/08/25 17:52:32 [notice] 20#20: exit
2023/08/25 17:52:32 [notice] 21#21: exiting
2023/08/25 17:52:32 [notice] 19#19: exit
2023/08/25 17:52:32 [notice] 21#21: exit
2023/08/25 17:52:32 [notice] 1#1: signal 17 (SIGCHLD) received from 20
2023/08/25 17:52:32 [notice] 1#1: worker process 20 exited with code 0
2023/08/25 17:52:32 [notice] 1#1: worker process 21 exited with code 0
2023/08/25 17:52:32 [notice] 1#1: signal 29 (SIGIO) received
2023/08/25 17:52:32 [notice] 1#1: signal 17 (SIGCHLD) received from 21
2023/08/25 17:52:32 [notice] 1#1: signal 17 (SIGCHLD) received from 19
2023/08/25 17:52:32 [notice] 1#1: worker process 19 exited with code 0
2023/08/25 17:52:32 [notice] 1#1: exit
2023/08/25 17:52:44 [notice] 1#1: using the "epoll" event method
2023/08/25 17:52:44 [notice] 1#1: nginx/1.25.2
2023/08/25 17:52:44 [notice] 1#1: built by gcc 12.2.0 (Debian 12.2.0-14) 
2023/08/25 17:52:44 [notice] 1#1: OS: Linux 6.4.8-orbstack-00059-g106c60a3471f
2023/08/25 17:52:44 [notice] 1#1: getrlimit(RLIMIT_NOFILE): 20480:1048576
2023/08/25 17:52:44 [notice] 1#1: start worker processes
2023/08/25 17:52:44 [notice] 1#1: start worker process 20
2023/08/25 17:52:44 [notice] 1#1: start worker process 21
2023/08/25 17:52:44 [notice] 1#1: start worker process 22
2023/08/25 18:05:05 [notice] 1#1: signal 3 (SIGQUIT) received, shutting down
2023/08/25 18:05:05 [notice] 21#21: gracefully shutting down
2023/08/25 18:05:05 [notice] 20#20: gracefully shutting down
2023/08/25 18:05:05 [notice] 22#22: gracefully shutting down
2023/08/25 18:05:05 [notice] 20#20: exiting
2023/08/25 18:05:05 [notice] 21#21: exiting
2023/08/25 18:05:05 [notice] 20#20: exit
2023/08/25 18:05:05 [notice] 22#22: exiting
2023/08/25 18:05:05 [notice] 22#22: exit
2023/08/25 18:05:05 [notice] 21#21: exit
2023/08/25 18:05:05 [notice] 1#1: signal 17 (SIGCHLD) received from 21
2023/08/25 18:05:05 [notice] 1#1: worker process 21 exited with code 0
2023/08/25 18:05:05 [notice] 1#1: signal 29 (SIGIO) received
2023/08/25 18:05:05 [notice] 1#1: signal 17 (SIGCHLD) received from 22
2023/08/25 18:05:05 [notice] 1#1: worker process 20 exited with code 0
2023/08/25 18:05:05 [notice] 1#1: worker process 22 exited with code 0
2023/08/25 18:05:05 [notice] 1#1: exit
2023/08/25 18:05:18 [notice] 1#1: using the "epoll" event method
2023/08/25 18:05:18 [notice] 1#1: nginx/1.25.2
2023/08/25 18:05:18 [notice] 1#1: built by gcc 12.2.0 (Debian 12.2.0-14) 
2023/08/25 18:05:18 [notice] 1#1: OS: Linux 6.4.8-orbstack-00059-g106c60a3471f
2023/08/25 18:05:18 [notice] 1#1: getrlimit(RLIMIT_NOFILE): 20480:1048576
2023/08/25 18:05:18 [notice] 1#1: start worker processes
2023/08/25 18:05:18 [notice] 1#1: start worker process 19
2023/08/25 18:05:18 [notice] 1#1: start worker process 20
2023/08/25 18:05:18 [notice] 1#1: start worker process 21
2023/08/25 18:09:34 [notice] 1#1: signal 3 (SIGQUIT) received, shutting down
2023/08/25 18:09:34 [notice] 20#20: gracefully shutting down
2023/08/25 18:09:34 [notice] 19#19: gracefully shutting down
2023/08/25 18:09:34 [notice] 20#20: exiting
2023/08/25 18:09:34 [notice] 21#21: gracefully shutting down
2023/08/25 18:09:34 [notice] 19#19: exiting
2023/08/25 18:09:34 [notice] 20#20: exit
2023/08/25 18:09:34 [notice] 19#19: exit
2023/08/25 18:09:34 [notice] 21#21: exiting
2023/08/25 18:09:34 [notice] 21#21: exit
2023/08/25 18:09:34 [notice] 1#1: signal 17 (SIGCHLD) received from 19
2023/08/25 18:09:34 [notice] 1#1: worker process 19 exited with code 0
2023/08/25 18:09:34 [notice] 1#1: signal 29 (SIGIO) received
2023/08/25 18:09:34 [notice] 1#1: signal 17 (SIGCHLD) received from 20
2023/08/25 18:09:34 [notice] 1#1: worker process 20 exited with code 0
2023/08/25 18:09:34 [notice] 1#1: worker process 21 exited with code 0
2023/08/25 18:09:34 [notice] 1#1: exit
2023/08/25 18:09:43 [notice] 1#1: using the "epoll" event method
2023/08/25 18:09:43 [notice] 1#1: nginx/1.25.2
2023/08/25 18:09:43 [notice] 1#1: built by gcc 12.2.0 (Debian 12.2.0-14) 
2023/08/25 18:09:43 [notice] 1#1: OS: Linux 6.4.8-orbstack-00059-g106c60a3471f
2023/08/25 18:09:43 [notice] 1#1: getrlimit(RLIMIT_NOFILE): 20480:1048576
2023/08/25 18:09:43 [notice] 1#1: start worker processes
2023/08/25 18:09:43 [notice] 1#1: start worker process 21
2023/08/25 18:09:43 [notice] 1#1: start worker process 22
2023/08/25 18:09:43 [notice] 1#1: start worker process 23
2023/08/25 18:14:50 [notice] 1#1: signal 3 (SIGQUIT) received, shutting down
2023/08/25 18:14:50 [notice] 21#21: gracefully shutting down
2023/08/25 18:14:50 [notice] 23#23: gracefully shutting down
2023/08/25 18:14:50 [notice] 23#23: exiting
2023/08/25 18:14:50 [notice] 21#21: exiting
2023/08/25 18:14:50 [notice] 22#22: gracefully shutting down
2023/08/25 18:14:50 [notice] 23#23: exit
2023/08/25 18:14:50 [notice] 21#21: exit
2023/08/25 18:14:50 [notice] 22#22: exiting
2023/08/25 18:14:50 [notice] 22#22: exit
2023/08/25 18:14:50 [notice] 1#1: signal 17 (SIGCHLD) received from 23
2023/08/25 18:14:50 [notice] 1#1: worker process 23 exited with code 0
2023/08/25 18:14:50 [notice] 1#1: signal 29 (SIGIO) received
2023/08/25 18:14:50 [notice] 1#1: signal 17 (SIGCHLD) received from 21
2023/08/25 18:14:50 [notice] 1#1: worker process 21 exited with code 0
2023/08/25 18:14:50 [notice] 1#1: worker process 22 exited with code 0
2023/08/25 18:14:50 [notice] 1#1: exit
2023/08/25 18:15:02 [warn] 1#1: conflicting server name "localhost" on 0.0.0.0:80, ignored
2023/08/25 18:15:02 [notice] 1#1: using the "epoll" event method
2023/08/25 18:15:02 [notice] 1#1: nginx/1.25.2
2023/08/25 18:15:02 [notice] 1#1: built by gcc 12.2.0 (Debian 12.2.0-14) 
2023/08/25 18:15:02 [notice] 1#1: OS: Linux 6.4.8-orbstack-00059-g106c60a3471f
2023/08/25 18:15:02 [notice] 1#1: getrlimit(RLIMIT_NOFILE): 20480:1048576
2023/08/25 18:15:02 [notice] 1#1: start worker processes
2023/08/25 18:15:02 [notice] 1#1: start worker process 19
2023/08/25 18:15:02 [notice] 1#1: start worker process 20
2023/08/25 18:15:02 [notice] 1#1: start worker process 21
2023/08/25 18:23:31 [notice] 1#1: signal 3 (SIGQUIT) received, shutting down
2023/08/25 18:23:31 [notice] 21#21: gracefully shutting down
2023/08/25 18:23:31 [notice] 19#19: gracefully shutting down
2023/08/25 18:23:31 [notice] 20#20: gracefully shutting down
2023/08/25 18:23:31 [notice] 21#21: exiting
2023/08/25 18:23:31 [notice] 20#20: exiting
2023/08/25 18:23:31 [notice] 19#19: exiting
2023/08/25 18:23:31 [notice] 21#21: exit
2023/08/25 18:23:31 [notice] 20#20: exit
2023/08/25 18:23:31 [notice] 19#19: exit
2023/08/25 18:23:31 [notice] 1#1: signal 17 (SIGCHLD) received from 19
2023/08/25 18:23:31 [notice] 1#1: worker process 19 exited with code 0
2023/08/25 18:23:31 [notice] 1#1: signal 29 (SIGIO) received
2023/08/25 18:23:31 [notice] 1#1: signal 17 (SIGCHLD) received from 21
2023/08/25 18:23:31 [notice] 1#1: worker process 20 exited with code 0
2023/08/25 18:23:31 [notice] 1#1: worker process 21 exited with code 0
2023/08/25 18:23:31 [notice] 1#1: exit
2023/08/25 18:23:43 [emerg] 1#1: invalid host in "http://host.docker.internal:8080" of the "listen" directive in /etc/nginx/conf.d/project.conf:50
2023/08/25 18:23:43 [emerg] 1#1: invalid host in "http://host.docker.internal:8080" of the "listen" directive in /etc/nginx/conf.d/project.conf:50
2023/08/25 18:23:44 [emerg] 1#1: invalid host in "http://host.docker.internal:8080" of the "listen" directive in /etc/nginx/conf.d/project.conf:50
2023/08/25 18:23:45 [emerg] 1#1: invalid host in "http://host.docker.internal:8080" of the "listen" directive in /etc/nginx/conf.d/project.conf:50
2023/08/25 18:23:46 [emerg] 1#1: invalid host in "http://host.docker.internal:8080" of the "listen" directive in /etc/nginx/conf.d/project.conf:50
2023/08/25 18:23:47 [emerg] 1#1: invalid host in "http://host.docker.internal:8080" of the "listen" directive in /etc/nginx/conf.d/project.conf:50
2023/08/25 18:23:51 [emerg] 1#1: invalid host in "http://host.docker.internal:8080" of the "listen" directive in /etc/nginx/conf.d/project.conf:50
2023/08/25 18:23:58 [emerg] 1#1: invalid host in "http://host.docker.internal:8080" of the "listen" directive in /etc/nginx/conf.d/project.conf:50
2023/08/25 18:24:11 [emerg] 1#1: invalid host in "http://host.docker.internal:8080" of the "listen" directive in /etc/nginx/conf.d/project.conf:50
2023/08/25 18:24:36 [emerg] 1#1: invalid host in "http://host.docker.internal:8080" of the "listen" directive in /etc/nginx/conf.d/project.conf:50
2023/08/25 18:25:28 [emerg] 1#1: invalid host in "http://host.docker.internal:8080" of the "listen" directive in /etc/nginx/conf.d/project.conf:50
2023/08/25 18:26:28 [emerg] 1#1: invalid host in "http://host.docker.internal:8080" of the "listen" directive in /etc/nginx/conf.d/project.conf:50
2023/08/25 18:27:28 [notice] 1#1: using the "epoll" event method
2023/08/25 18:27:28 [notice] 1#1: nginx/1.25.2
2023/08/25 18:27:28 [notice] 1#1: built by gcc 12.2.0 (Debian 12.2.0-14) 
2023/08/25 18:27:28 [notice] 1#1: OS: Linux 6.4.8-orbstack-00059-g106c60a3471f
2023/08/25 18:27:28 [notice] 1#1: getrlimit(RLIMIT_NOFILE): 20480:1048576
2023/08/25 18:27:28 [notice] 1#1: start worker processes
2023/08/25 18:27:28 [notice] 1#1: start worker process 21
2023/08/25 18:27:28 [notice] 1#1: start worker process 22
2023/08/25 18:27:28 [notice] 1#1: start worker process 23
2023/08/25 18:27:47 [notice] 1#1: signal 3 (SIGQUIT) received, shutting down
2023/08/25 18:27:47 [notice] 22#22: gracefully shutting down
2023/08/25 18:27:47 [notice] 22#22: exiting
2023/08/25 18:27:47 [notice] 23#23: gracefully shutting down
2023/08/25 18:27:47 [notice] 23#23: exiting
2023/08/25 18:27:47 [notice] 21#21: gracefully shutting down
2023/08/25 18:27:47 [notice] 21#21: exiting
2023/08/25 18:27:47 [notice] 22#22: exit
2023/08/25 18:27:47 [notice] 23#23: exit
2023/08/25 18:27:47 [notice] 21#21: exit
2023/08/25 18:27:47 [notice] 1#1: signal 17 (SIGCHLD) received from 22
2023/08/25 18:27:47 [notice] 1#1: worker process 22 exited with code 0
2023/08/25 18:27:47 [notice] 1#1: signal 29 (SIGIO) received
2023/08/25 18:27:47 [notice] 1#1: signal 17 (SIGCHLD) received from 23
2023/08/25 18:27:47 [notice] 1#1: worker process 23 exited with code 0
2023/08/25 18:27:47 [notice] 1#1: signal 29 (SIGIO) received
2023/08/25 18:27:47 [notice] 1#1: signal 17 (SIGCHLD) received from 21
2023/08/25 18:27:47 [notice] 1#1: worker process 21 exited with code 0
2023/08/25 18:27:47 [notice] 1#1: exit
2023/08/25 18:27:56 [notice] 1#1: using the "epoll" event method
2023/08/25 18:27:56 [notice] 1#1: nginx/1.25.2
2023/08/25 18:27:56 [notice] 1#1: built by gcc 12.2.0 (Debian 12.2.0-14) 
2023/08/25 18:27:56 [notice] 1#1: OS: Linux 6.4.8-orbstack-00059-g106c60a3471f
2023/08/25 18:27:56 [notice] 1#1: getrlimit(RLIMIT_NOFILE): 20480:1048576
2023/08/25 18:27:56 [notice] 1#1: start worker processes
2023/08/25 18:27:56 [notice] 1#1: start worker process 20
2023/08/25 18:27:56 [notice] 1#1: start worker process 21
2023/08/25 18:27:56 [notice] 1#1: start worker process 22
2023/08/25 18:28:06 [notice] 1#1: signal 3 (SIGQUIT) received, shutting down
2023/08/25 18:28:06 [notice] 21#21: gracefully shutting down
2023/08/25 18:28:06 [notice] 20#20: gracefully shutting down
2023/08/25 18:28:06 [notice] 22#22: gracefully shutting down
2023/08/25 18:28:06 [notice] 22#22: exiting
2023/08/25 18:28:06 [notice] 21#21: exiting
2023/08/25 18:28:06 [notice] 22#22: exit
2023/08/25 18:28:06 [notice] 20#20: exiting
2023/08/25 18:28:06 [notice] 20#20: exit
2023/08/25 18:28:06 [notice] 21#21: exit
2023/08/25 18:28:06 [notice] 1#1: signal 17 (SIGCHLD) received from 22
2023/08/25 18:28:06 [notice] 1#1: worker process 22 exited with code 0
2023/08/25 18:28:06 [notice] 1#1: signal 29 (SIGIO) received
2023/08/25 18:28:06 [notice] 1#1: signal 17 (SIGCHLD) received from 21
2023/08/25 18:28:06 [notice] 1#1: worker process 20 exited with code 0
2023/08/25 18:28:06 [notice] 1#1: worker process 21 exited with code 0
2023/08/25 18:28:06 [notice] 1#1: exit
2023/08/25 18:28:09 [notice] 1#1: using the "epoll" event method
2023/08/25 18:28:09 [notice] 1#1: nginx/1.25.2
2023/08/25 18:28:09 [notice] 1#1: built by gcc 12.2.0 (Debian 12.2.0-14) 
2023/08/25 18:28:09 [notice] 1#1: OS: Linux 6.4.8-orbstack-00059-g106c60a3471f
2023/08/25 18:28:09 [notice] 1#1: getrlimit(RLIMIT_NOFILE): 20480:1048576
2023/08/25 18:28:09 [notice] 1#1: start worker processes
2023/08/25 18:28:09 [notice] 1#1: start worker process 20
2023/08/25 18:28:09 [notice] 1#1: start worker process 21
2023/08/25 18:28:09 [notice] 1#1: start worker process 22
2023/08/25 18:35:44 [notice] 1#1: signal 3 (SIGQUIT) received, shutting down
2023/08/25 18:35:44 [notice] 20#20: gracefully shutting down
2023/08/25 18:35:44 [notice] 20#20: exiting
2023/08/25 18:35:44 [notice] 21#21: gracefully shutting down
2023/08/25 18:35:44 [notice] 21#21: exiting
2023/08/25 18:35:44 [notice] 22#22: gracefully shutting down
2023/08/25 18:35:44 [notice] 20#20: exit
2023/08/25 18:35:44 [notice] 21#21: exit
2023/08/25 18:35:44 [notice] 22#22: exiting
2023/08/25 18:35:44 [notice] 22#22: exit
2023/08/25 18:35:44 [notice] 1#1: signal 17 (SIGCHLD) received from 20
2023/08/25 18:35:44 [notice] 1#1: worker process 20 exited with code 0
2023/08/25 18:35:44 [notice] 1#1: worker process 21 exited with code 0
2023/08/25 18:35:44 [notice] 1#1: signal 29 (SIGIO) received
2023/08/25 18:35:44 [notice] 1#1: signal 17 (SIGCHLD) received from 21
2023/08/25 18:35:44 [notice] 1#1: signal 17 (SIGCHLD) received from 22
2023/08/25 18:35:44 [notice] 1#1: worker process 22 exited with code 0
2023/08/25 18:35:44 [notice] 1#1: exit
2023/08/25 18:36:22 [notice] 1#1: using the "epoll" event method
2023/08/25 18:36:22 [notice] 1#1: nginx/1.25.2
2023/08/25 18:36:22 [notice] 1#1: built by gcc 12.2.0 (Debian 12.2.0-14) 
2023/08/25 18:36:22 [notice] 1#1: OS: Linux 6.4.8-orbstack-00059-g106c60a3471f
2023/08/25 18:36:22 [notice] 1#1: getrlimit(RLIMIT_NOFILE): 20480:1048576
2023/08/25 18:36:22 [notice] 1#1: start worker processes
2023/08/25 18:36:22 [notice] 1#1: start worker process 20
2023/08/25 18:36:22 [notice] 1#1: start worker process 21
2023/08/25 18:36:22 [notice] 1#1: start worker process 22
2023/08/26 07:02:02 [notice] 1#1: signal 3 (SIGQUIT) received, shutting down
2023/08/26 07:02:02 [notice] 20#20: gracefully shutting down
2023/08/26 07:02:02 [notice] 22#22: gracefully shutting down
2023/08/26 07:02:02 [notice] 21#21: gracefully shutting down
2023/08/26 07:02:02 [notice] 20#20: exiting
2023/08/26 07:02:02 [notice] 21#21: exiting
2023/08/26 07:02:02 [notice] 22#22: exiting
2023/08/26 07:02:02 [notice] 20#20: exit
2023/08/26 07:02:02 [notice] 21#21: exit
2023/08/26 07:02:02 [notice] 22#22: exit
2023/08/26 07:02:02 [notice] 1#1: signal 17 (SIGCHLD) received from 21
2023/08/26 07:02:02 [notice] 1#1: worker process 21 exited with code 0
2023/08/26 07:02:02 [notice] 1#1: signal 29 (SIGIO) received
2023/08/26 07:02:02 [notice] 1#1: signal 17 (SIGCHLD) received from 22
2023/08/26 07:02:02 [notice] 1#1: worker process 20 exited with code 0
2023/08/26 07:02:02 [notice] 1#1: worker process 22 exited with code 0
2023/08/26 07:02:02 [notice] 1#1: exit
2023/08/26 07:02:17 [notice] 1#1: using the "epoll" event method
2023/08/26 07:02:17 [notice] 1#1: nginx/1.25.2
2023/08/26 07:02:17 [notice] 1#1: built by gcc 12.2.0 (Debian 12.2.0-14) 
2023/08/26 07:02:17 [notice] 1#1: OS: Linux 6.4.8-orbstack-00059-g106c60a3471f
2023/08/26 07:02:17 [notice] 1#1: getrlimit(RLIMIT_NOFILE): 20480:1048576
2023/08/26 07:02:17 [notice] 1#1: start worker processes
2023/08/26 07:02:17 [notice] 1#1: start worker process 20
2023/08/26 07:02:17 [notice] 1#1: start worker process 21
2023/08/26 07:02:17 [notice] 1#1: start worker process 22
2023/08/26 07:07:33 [notice] 1#1: signal 3 (SIGQUIT) received, shutting down
2023/08/26 07:07:33 [notice] 22#22: gracefully shutting down
2023/08/26 07:07:33 [notice] 20#20: gracefully shutting down
2023/08/26 07:07:33 [notice] 21#21: gracefully shutting down
2023/08/26 07:07:33 [notice] 21#21: exiting
2023/08/26 07:07:33 [notice] 20#20: exiting
2023/08/26 07:07:33 [notice] 21#21: exit
2023/08/26 07:07:33 [notice] 20#20: exit
2023/08/26 07:07:33 [notice] 22#22: exiting
2023/08/26 07:07:33 [notice] 22#22: exit
2023/08/26 07:07:33 [notice] 1#1: signal 17 (SIGCHLD) received from 21
2023/08/26 07:07:33 [notice] 1#1: worker process 21 exited with code 0
2023/08/26 07:07:33 [notice] 1#1: signal 29 (SIGIO) received
2023/08/26 07:07:33 [notice] 1#1: signal 17 (SIGCHLD) received from 20
2023/08/26 07:07:33 [notice] 1#1: worker process 20 exited with code 0
2023/08/26 07:07:33 [notice] 1#1: worker process 22 exited with code 0
2023/08/26 07:07:33 [notice] 1#1: exit
2023/08/26 07:10:58 [notice] 1#1: using the "epoll" event method
2023/08/26 07:10:58 [notice] 1#1: nginx/1.25.2
2023/08/26 07:10:58 [notice] 1#1: built by gcc 12.2.0 (Debian 12.2.0-14) 
2023/08/26 07:10:58 [notice] 1#1: OS: Linux 6.4.8-orbstack-00059-g106c60a3471f
2023/08/26 07:10:58 [notice] 1#1: getrlimit(RLIMIT_NOFILE): 20480:1048576
2023/08/26 07:10:58 [notice] 1#1: start worker processes
2023/08/26 07:10:58 [notice] 1#1: start worker process 20
2023/08/26 07:10:58 [notice] 1#1: start worker process 21
2023/08/26 07:10:58 [notice] 1#1: start worker process 22
2023/08/26 07:22:32 [notice] 1#1: signal 3 (SIGQUIT) received, shutting down
2023/08/26 07:22:32 [notice] 22#22: gracefully shutting down
2023/08/26 07:22:32 [notice] 20#20: gracefully shutting down
2023/08/26 07:22:32 [notice] 21#21: gracefully shutting down
2023/08/26 07:22:32 [notice] 20#20: exiting
2023/08/26 07:22:32 [notice] 22#22: exiting
2023/08/26 07:22:32 [notice] 21#21: exiting
2023/08/26 07:22:32 [notice] 22#22: exit
2023/08/26 07:22:32 [notice] 20#20: exit
2023/08/26 07:22:32 [notice] 21#21: exit
2023/08/26 07:22:32 [notice] 1#1: signal 17 (SIGCHLD) received from 21
2023/08/26 07:22:32 [notice] 1#1: worker process 20 exited with code 0
2023/08/26 07:22:32 [notice] 1#1: worker process 21 exited with code 0
2023/08/26 07:22:32 [notice] 1#1: signal 29 (SIGIO) received
2023/08/26 07:22:32 [notice] 1#1: signal 17 (SIGCHLD) received from 22
2023/08/26 07:22:32 [notice] 1#1: worker process 22 exited with code 0
2023/08/26 07:22:32 [notice] 1#1: exit
2023/08/26 07:22:46 [notice] 1#1: using the "epoll" event method
2023/08/26 07:22:46 [notice] 1#1: nginx/1.25.2
2023/08/26 07:22:46 [notice] 1#1: built by gcc 12.2.0 (Debian 12.2.0-14) 
2023/08/26 07:22:46 [notice] 1#1: OS: Linux 6.4.8-orbstack-00059-g106c60a3471f
2023/08/26 07:22:46 [notice] 1#1: getrlimit(RLIMIT_NOFILE): 20480:1048576
2023/08/26 07:22:46 [notice] 1#1: start worker processes
2023/08/26 07:22:46 [notice] 1#1: start worker process 20
2023/08/26 07:22:46 [notice] 1#1: start worker process 21
2023/08/26 07:22:46 [notice] 1#1: start worker process 22
2023/08/26 07:30:28 [notice] 1#1: signal 3 (SIGQUIT) received, shutting down
2023/08/26 07:30:28 [notice] 20#20: gracefully shutting down
2023/08/26 07:30:28 [notice] 20#20: exiting
2023/08/26 07:30:28 [notice] 21#21: gracefully shutting down
2023/08/26 07:30:28 [notice] 22#22: gracefully shutting down
2023/08/26 07:30:28 [notice] 20#20: exit
2023/08/26 07:30:28 [notice] 21#21: exiting
2023/08/26 07:30:28 [notice] 21#21: exit
2023/08/26 07:30:28 [notice] 22#22: exiting
2023/08/26 07:30:28 [notice] 22#22: exit
2023/08/26 07:30:28 [notice] 1#1: signal 17 (SIGCHLD) received from 20
2023/08/26 07:30:28 [notice] 1#1: worker process 20 exited with code 0
2023/08/26 07:30:28 [notice] 1#1: signal 29 (SIGIO) received
2023/08/26 07:30:28 [notice] 1#1: signal 17 (SIGCHLD) received from 21
2023/08/26 07:30:28 [notice] 1#1: worker process 21 exited with code 0
2023/08/26 07:30:28 [notice] 1#1: signal 29 (SIGIO) received
2023/08/26 07:30:28 [notice] 1#1: signal 17 (SIGCHLD) received from 22
2023/08/26 07:30:28 [notice] 1#1: worker process 22 exited with code 0
2023/08/26 07:30:28 [notice] 1#1: exit
2023/08/26 07:30:40 [notice] 1#1: using the "epoll" event method
2023/08/26 07:30:40 [notice] 1#1: nginx/1.25.2
2023/08/26 07:30:40 [notice] 1#1: built by gcc 12.2.0 (Debian 12.2.0-14) 
2023/08/26 07:30:40 [notice] 1#1: OS: Linux 6.4.8-orbstack-00059-g106c60a3471f
2023/08/26 07:30:40 [notice] 1#1: getrlimit(RLIMIT_NOFILE): 20480:1048576
2023/08/26 07:30:40 [notice] 1#1: start worker processes
2023/08/26 07:30:40 [notice] 1#1: start worker process 20
2023/08/26 07:30:40 [notice] 1#1: start worker process 21
2023/08/26 07:30:40 [notice] 1#1: start worker process 22
2023/08/31 11:48:47 [notice] 1#1: using the "epoll" event method
2023/08/31 11:48:47 [notice] 1#1: nginx/1.25.2
2023/08/31 11:48:47 [notice] 1#1: built by gcc 12.2.0 (Debian 12.2.0-14) 
2023/08/31 11:48:47 [notice] 1#1: OS: Linux 6.4.11-orbstack-00083-ge2d0e25e2b70
2023/08/31 11:48:47 [notice] 1#1: getrlimit(RLIMIT_NOFILE): 20480:1048576
2023/08/31 11:48:47 [notice] 1#1: start worker processes
2023/08/31 11:48:47 [notice] 1#1: start worker process 20
2023/08/31 11:48:47 [notice] 1#1: start worker process 21
2023/08/31 11:48:47 [notice] 1#1: start worker process 22
2023/08/31 11:53:00 [notice] 1#1: signal 3 (SIGQUIT) received, shutting down
2023/08/31 11:53:00 [notice] 20#20: gracefully shutting down
2023/08/31 11:53:00 [notice] 21#21: gracefully shutting down
2023/08/31 11:53:00 [notice] 22#22: gracefully shutting down
2023/08/31 11:53:00 [notice] 20#20: exiting
2023/08/31 11:53:00 [notice] 21#21: exiting
2023/08/31 11:53:00 [notice] 22#22: exiting
2023/08/31 11:53:00 [notice] 20#20: exit
2023/08/31 11:53:00 [notice] 21#21: exit
2023/08/31 11:53:00 [notice] 22#22: exit
2023/08/31 11:53:00 [notice] 1#1: signal 17 (SIGCHLD) received from 21
2023/08/31 11:53:00 [notice] 1#1: worker process 21 exited with code 0
2023/08/31 11:53:00 [notice] 1#1: signal 29 (SIGIO) received
2023/08/31 11:53:00 [notice] 1#1: signal 17 (SIGCHLD) received from 20
2023/08/31 11:53:00 [notice] 1#1: worker process 20 exited with code 0
2023/08/31 11:53:00 [notice] 1#1: signal 29 (SIGIO) received
2023/08/31 11:53:00 [notice] 1#1: signal 17 (SIGCHLD) received from 22
2023/08/31 11:53:00 [notice] 1#1: worker process 22 exited with code 0
2023/08/31 11:53:00 [notice] 1#1: exit
2023/08/31 11:55:04 [notice] 1#1: using the "epoll" event method
2023/08/31 11:55:04 [notice] 1#1: nginx/1.25.2
2023/08/31 11:55:04 [notice] 1#1: built by gcc 12.2.0 (Debian 12.2.0-14) 
2023/08/31 11:55:04 [notice] 1#1: OS: Linux 6.4.11-orbstack-00083-ge2d0e25e2b70
2023/08/31 11:55:04 [notice] 1#1: getrlimit(RLIMIT_NOFILE): 20480:1048576
2023/08/31 11:55:04 [notice] 1#1: start worker processes
2023/08/31 11:55:04 [notice] 1#1: start worker process 20
2023/08/31 11:55:04 [notice] 1#1: start worker process 21
2023/08/31 11:55:04 [notice] 1#1: start worker process 22
2023/08/31 12:01:13 [notice] 1#1: signal 3 (SIGQUIT) received, shutting down
2023/08/31 12:01:13 [notice] 20#20: gracefully shutting down
2023/08/31 12:01:13 [notice] 21#21: gracefully shutting down
2023/08/31 12:01:13 [notice] 22#22: gracefully shutting down
2023/08/31 12:01:13 [notice] 20#20: exiting
2023/08/31 12:01:13 [notice] 21#21: exiting
2023/08/31 12:01:13 [notice] 22#22: exiting
2023/08/31 12:01:13 [notice] 20#20: exit
2023/08/31 12:01:13 [notice] 21#21: exit
2023/08/31 12:01:13 [notice] 22#22: exit
2023/08/31 12:01:13 [notice] 1#1: signal 17 (SIGCHLD) received from 22
2023/08/31 12:01:13 [notice] 1#1: worker process 22 exited with code 0
2023/08/31 12:01:13 [notice] 1#1: signal 29 (SIGIO) received
2023/08/31 12:01:13 [notice] 1#1: signal 17 (SIGCHLD) received from 21
2023/08/31 12:01:13 [notice] 1#1: worker process 21 exited with code 0
2023/08/31 12:01:13 [notice] 1#1: worker process 20 exited with code 0
2023/08/31 12:01:13 [notice] 1#1: exit
2023/08/31 12:01:26 [notice] 1#1: using the "epoll" event method
2023/08/31 12:01:26 [notice] 1#1: nginx/1.25.2
2023/08/31 12:01:26 [notice] 1#1: built by gcc 12.2.0 (Debian 12.2.0-14) 
2023/08/31 12:01:26 [notice] 1#1: OS: Linux 6.4.11-orbstack-00083-ge2d0e25e2b70
2023/08/31 12:01:26 [notice] 1#1: getrlimit(RLIMIT_NOFILE): 20480:1048576
2023/08/31 12:01:26 [notice] 1#1: start worker processes
2023/08/31 12:01:26 [notice] 1#1: start worker process 21
2023/08/31 12:01:26 [notice] 1#1: start worker process 22
2023/08/31 12:01:26 [notice] 1#1: start worker process 23
